<?xml version="1.0" encoding="UTF-8"?>
<testng-results ignored="0" total="1" passed="1" failed="0" skipped="0">
  <reporter-output>
  </reporter-output>
  <suite started-at="2023-08-25T03:39:18 EDT" name="Default suite" finished-at="2023-08-25T03:39:35 EDT" duration-ms="16988">
    <groups>
    </groups>
    <test started-at="2023-08-25T03:39:18 EDT" name="Default test" finished-at="2023-08-25T03:39:35 EDT" duration-ms="16988">
      <class name="com.happy.dhaka.testclass2">
        <test-method signature="tom()[pri:0, instance:com.happy.dhaka.testclass2@576d5deb]" started-at="2023-08-25T03:39:18 EDT" name="tom" finished-at="2023-08-25T03:39:35 EDT" duration-ms="16918" status="PASS">
          <reporter-output>
          </reporter-output>
        </test-method> <!-- tom -->
      </class> <!-- com.happy.dhaka.testclass2 -->
    </test> <!-- Default test -->
  </suite> <!-- Default suite -->
</testng-results>
